[debug] [2020-05-14T00:44:01.106Z] ----------------------------------------------------------------------
[debug] [2020-05-14T00:44:01.109Z] Command:       C:\Program Files\nodejs\node.exe C:\Users\derek\AppData\Roaming\npm\node_modules\firebase-tools\lib\bin\firebase.js serve
[debug] [2020-05-14T00:44:01.109Z] CLI Version:   8.2.0
[debug] [2020-05-14T00:44:01.109Z] Platform:      win32
[debug] [2020-05-14T00:44:01.109Z] Node Version:  v12.16.3
[debug] [2020-05-14T00:44:01.111Z] Time:          Thu May 14 2020 09:44:01 GMT+0900 (Japan Standard Time)
[debug] [2020-05-14T00:44:01.111Z] ----------------------------------------------------------------------
[debug] [2020-05-14T00:44:01.111Z] 
[debug] [2020-05-14T00:44:01.123Z] > command requires scopes: ["email","openid","https://www.googleapis.com/auth/cloudplatformprojects.readonly","https://www.googleapis.com/auth/firebase","https://www.googleapis.com/auth/cloud-platform"]
[debug] [2020-05-14T00:44:01.123Z] > authorizing via signed-in user
[debug] [2020-05-14T00:44:01.124Z] [iam] checking project tcslms-staging for permissions ["firebase.projects.get"]
[debug] [2020-05-14T00:44:01.128Z] >>> HTTP REQUEST POST https://cloudresourcemanager.googleapis.com/v1/projects/tcslms-staging:testIamPermissions  
 {"permissions":["firebase.projects.get"]}
[debug] [2020-05-14T00:44:01.968Z] <<< HTTP RESPONSE 200 {"content-type":"application/json; charset=UTF-8","vary":"X-Origin, Referer, Origin,Accept-Encoding","date":"Thu, 14 May 2020 00:44:02 GMT","server":"ESF","cache-control":"private","x-xss-protection":"0","x-frame-options":"SAMEORIGIN","x-content-type-options":"nosniff","server-timing":"gfet4t7; dur=590","alt-svc":"h3-27=\":443\"; ma=2592000,h3-25=\":443\"; ma=2592000,h3-Q050=\":443\"; ma=2592000,h3-Q049=\":443\"; ma=2592000,h3-Q048=\":443\"; ma=2592000,h3-Q046=\":443\"; ma=2592000,h3-Q043=\":443\"; ma=2592000,quic=\":443\"; ma=2592000; v=\"46,43\"","accept-ranges":"none","transfer-encoding":"chunked"}
[debug] [2020-05-14T00:44:01.969Z] >>> HTTP REQUEST GET https://firebase.googleapis.com/v1beta1/projects/tcslms-staging  
 
[debug] [2020-05-14T00:44:02.393Z] <<< HTTP RESPONSE 200 {"content-type":"application/json; charset=UTF-8","vary":"X-Origin, Referer, Origin,Accept-Encoding","date":"Thu, 14 May 2020 00:44:03 GMT","server":"ESF","cache-control":"private","x-xss-protection":"0","x-frame-options":"SAMEORIGIN","x-content-type-options":"nosniff","alt-svc":"h3-27=\":443\"; ma=2592000,h3-25=\":443\"; ma=2592000,h3-Q050=\":443\"; ma=2592000,h3-Q049=\":443\"; ma=2592000,h3-Q048=\":443\"; ma=2592000,h3-Q046=\":443\"; ma=2592000,h3-Q043=\":443\"; ma=2592000,quic=\":443\"; ma=2592000; v=\"46,43\"","accept-ranges":"none","transfer-encoding":"chunked"}
[info] 
[info] === Serving from 'C:\Users\derek\Documents\GitHub\coding.space'...
[info] 
[debug] [2020-05-14T00:44:02.401Z] >>> HTTP REQUEST GET https://firebase.googleapis.com/v1beta1/projects/tcslms-staging/webApps/-/config  
 
[debug] [2020-05-14T00:44:03.999Z] <<< HTTP RESPONSE 200 {"content-type":"application/json; charset=UTF-8","vary":"X-Origin, Referer, Origin,Accept-Encoding","date":"Thu, 14 May 2020 00:44:04 GMT","server":"ESF","cache-control":"private","x-xss-protection":"0","x-frame-options":"SAMEORIGIN","x-content-type-options":"nosniff","alt-svc":"h3-27=\":443\"; ma=2592000,h3-25=\":443\"; ma=2592000,h3-Q050=\":443\"; ma=2592000,h3-Q049=\":443\"; ma=2592000,h3-Q048=\":443\"; ma=2592000,h3-Q046=\":443\"; ma=2592000,h3-Q043=\":443\"; ma=2592000,quic=\":443\"; ma=2592000; v=\"46,43\"","accept-ranges":"none","transfer-encoding":"chunked"}
[info] i  hosting: Serving hosting files from: build
[info] +  hosting: Local server: http://localhost:5000
[warn] !  Your requested "node" version "8" doesn't match your global version "12"
[info] +  functions: functions emulator started at http://localhost:5001
[info] i  functions: Watching "C:\Users\derek\Documents\GitHub\coding.space\functions" for Cloud Functions...
[debug] [2020-05-14T00:44:04.431Z] [worker-pool] addWorker(~diagnostic~) 
[debug] [2020-05-14T00:44:04.431Z] [worker-pool] Adding worker with key ~diagnostic~, total=1 
[debug] [2020-05-14T00:44:04.431Z] [worker-pool] submitWork(triggerId=) 
[debug] [2020-05-14T00:44:04.433Z] [worker-~diagnostic~-9d441198-5646-4682-aaf3-28fa4a9e8c42]: Assigning socketPath: \\?\pipe\C:\Users\derek\Documents\GitHub\coding.space\functions\11440 
[debug] [2020-05-14T00:44:04.433Z] [worker-~diagnostic~-9d441198-5646-4682-aaf3-28fa4a9e8c42]: BUSY 
[debug] [2020-05-14T00:44:04.948Z] [runtime-status] [11440] Functions runtime initialized. {"cwd":"C:\\Users\\derek\\Documents\\GitHub\\coding.space\\functions","node_version":"12.16.3"} 
[debug] [2020-05-14T00:44:04.950Z] [runtime-status] [11440] Disabled runtime features: undefined 
[debug] [2020-05-14T00:44:04.958Z] [runtime-status] [11440] Resolved module firebase-admin {"declared":true,"installed":true,"version":"8.11.0","resolution":"C:\\Users\\derek\\Documents\\GitHub\\coding.space\\functions\\node_modules\\firebase-admin\\lib\\index.js"} 
[debug] [2020-05-14T00:44:04.961Z] [runtime-status] [11440] Resolved module firebase-functions {"declared":true,"installed":true,"version":"3.6.1","resolution":"C:\\Users\\derek\\Documents\\GitHub\\coding.space\\functions\\node_modules\\firebase-functions\\lib\\index.js"} 
[debug] [2020-05-14T00:44:04.963Z] [runtime-status] [11440] Outgoing network have been stubbed. [{"name":"http","status":"mocked"},{"name":"http","status":"mocked"},{"name":"https","status":"mocked"},{"name":"https","status":"mocked"},{"name":"net","status":"mocked"}] 
[debug] [2020-05-14T00:44:05.034Z] [runtime-status] [11440] Checked functions.config() {"config":{}} 
[debug] [2020-05-14T00:44:05.034Z] [runtime-status] [11440] Resolved module firebase-functions {"declared":true,"installed":true,"version":"3.6.1","resolution":"C:\\Users\\derek\\Documents\\GitHub\\coding.space\\functions\\node_modules\\firebase-functions\\lib\\index.js"} 
[debug] [2020-05-14T00:44:05.036Z] [runtime-status] [11440] Resolved module firebase-admin {"declared":true,"installed":true,"version":"8.11.0","resolution":"C:\\Users\\derek\\Documents\\GitHub\\coding.space\\functions\\node_modules\\firebase-admin\\lib\\index.js"} 
[debug] [2020-05-14T00:44:05.036Z] [runtime-status] [11440] Resolved module firebase-functions {"declared":true,"installed":true,"version":"3.6.1","resolution":"C:\\Users\\derek\\Documents\\GitHub\\coding.space\\functions\\node_modules\\firebase-functions\\lib\\index.js"} 
[debug] [2020-05-14T00:44:05.037Z] [runtime-status] [11440] firebase-admin has been stubbed. {"adminResolution":{"declared":true,"installed":true,"version":"8.11.0","resolution":"C:\\Users\\derek\\Documents\\GitHub\\coding.space\\functions\\node_modules\\firebase-admin\\lib\\index.js"}} 
[debug] [2020-05-14T00:44:05.039Z] [runtime-status] [11440] initializeApp(DEFAULT) {"databaseURL":"https://tcslms-staging.firebaseio.com","storageBucket":"tcslms-staging.appspot.com","projectId":"tcslms-staging"} 
[info] +  functions[createUser]: http function initialized (http://localhost:5001/tcslms-staging/us-central1/createUser).
[debug] [2020-05-14T00:44:05.043Z] [worker-~diagnostic~-9d441198-5646-4682-aaf3-28fa4a9e8c42]: IDLE 
